<?xml version="1.0" encoding="UTF-8"?>
<!-- Generated by org.testng.reporters.JUnitReportReporter -->
<testsuite hostname="Shahnozas-MacBook-Air.local" failures="0" tests="1" name="com.hrm.testcases.AddEmployeeTest" time="8.827" errors="0" timestamp="2022-07-27T11:15:02 PDT" skipped="0">
  <testcase classname="com.hrm.testcases.AddEmployeeTest" name="testAddNewEmployeeFromPropertiesFile" time="8.827"/>
  <system-out/>
</testsuite> <!-- com.hrm.testcases.AddEmployeeTest -->
