<?xml version="1.0" encoding="UTF-8"?>
<!-- Generated by org.testng.reporters.JUnitReportReporter -->
<testsuite hostname="Shahnozas-MacBook-Air.local" failures="0" tests="3" name="com.hrm.testcases.AddEmployeeFromExcelTest" time="37.734" errors="0" timestamp="2022-07-27T11:15:02 PDT" skipped="0">
  <testcase classname="com.hrm.testcases.AddEmployeeFromExcelTest" name="userDataFromExcel" time="12.120"/>
  <system-out/>
  <testcase classname="com.hrm.testcases.AddEmployeeFromExcelTest" name="userDataFromExcel" time="12.343"/>
  <system-out/>
  <testcase classname="com.hrm.testcases.AddEmployeeFromExcelTest" name="userDataFromExcel" time="13.271"/>
  <system-out/>
</testsuite> <!-- com.hrm.testcases.AddEmployeeFromExcelTest -->
