<?xml version="1.0" encoding="UTF-8"?>
<!-- Generated by org.testng.reporters.JUnitReportReporter -->
<testsuite hostname="Shahnozas-MacBook-Air.local" failures="0" tests="2" name="com.hrm.testcases.LoginTest" time="10.602" errors="0" timestamp="2022-07-27T11:15:02 PDT" skipped="0">
  <testcase classname="com.hrm.testcases.LoginTest" name="testLoginInvalidPassword" time="6.141"/>
  <system-out/>
  <testcase classname="com.hrm.testcases.LoginTest" name="testLoginEmptyUsername" time="4.461"/>
  <system-out/>
</testsuite> <!-- com.hrm.testcases.LoginTest -->
