<?xml version="1.0" encoding="UTF-8"?>
<!-- Generated by org.testng.reporters.JUnitReportReporter -->
<testsuite hostname="Shahnozas-MacBook-Air.local" failures="0" tests="1" name="com.hrm.testcases.AddEmployeeTest" time="9.787" errors="0" timestamp="2022-03-20T16:29:05 PDT" skipped="0">
  <testcase classname="com.hrm.testcases.AddEmployeeTest" name="testAddNewEmployee" time="9.787"/>
  <system-out/>
</testsuite> <!-- com.hrm.testcases.AddEmployeeTest -->
