<?xml version="1.0" encoding="UTF-8"?>
<!-- Generated by org.testng.reporters.JUnitReportReporter -->
<testsuite hostname="Shahnozas-MacBook-Air.local" failures="0" tests="3" name="com.hrm.testcases.AddEmployeeFromExcelTest" time="33.172" errors="0" timestamp="2022-03-23T10:56:01 PDT" skipped="0">
  <testcase classname="com.hrm.testcases.AddEmployeeFromExcelTest" name="userDataFromExcel" time="11.313"/>
  <system-out/>
  <testcase classname="com.hrm.testcases.AddEmployeeFromExcelTest" name="userDataFromExcel" time="11.335"/>
  <system-out/>
  <testcase classname="com.hrm.testcases.AddEmployeeFromExcelTest" name="userDataFromExcel" time="10.524"/>
  <system-out/>
</testsuite> <!-- com.hrm.testcases.AddEmployeeFromExcelTest -->
