<?xml version="1.0" encoding="UTF-8"?>
<!-- Generated by org.testng.reporters.JUnitReportReporter -->
<testsuite hostname="Shahnozas-MacBook-Air.local" failures="0" tests="3" name="com.hrm.testcases.LoginTest" time="15.339" errors="0" timestamp="2022-03-20T16:29:05 PDT" skipped="0">
  <testcase classname="com.hrm.testcases.LoginTest" name="testLoginInvalidPassword" time="4.650"/>
  <system-out/>
  <testcase classname="com.hrm.testcases.LoginTest" name="testLoginAdminUser" time="5.624"/>
  <system-out/>
  <testcase classname="com.hrm.testcases.LoginTest" name="testLoginEmptyUsername" time="5.065"/>
  <system-out/>
</testsuite> <!-- com.hrm.testcases.LoginTest -->
