<?xml version="1.0" encoding="UTF-8"?>
<!-- Generated by org.testng.reporters.JUnitReportReporter -->
<testsuite hostname="Shahnozas-MacBook-Air.local" failures="0" tests="1" name="com.hrm.testcases.AddEmployeeTest" time="7.907" errors="0" timestamp="2022-03-23T10:56:01 PDT" skipped="0">
  <testcase classname="com.hrm.testcases.AddEmployeeTest" name="testAddNewEmployee" time="7.907"/>
  <system-out/>
</testsuite> <!-- com.hrm.testcases.AddEmployeeTest -->
